nohup: ignoring input
[38;5;83m[           resources] [0m[0m[32mScanning resources.[0m
[38;5;83m[           resources] [0m[0m[32mFound 9 resources.[0m
[38;5;66m[          svadhesive] [0m[0mAuthenticating server license key...
[38;5;66m[          svadhesive] [0m[0mServer license key authentication succeeded. Welcome!
[38;5;73m[ citizen-server-impl] [0m[0m[93mCouldn't find resource sessionmanager.[0m
[38;5;73m[ citizen-server-impl] [0m[0m[93mCouldn't find resource mapmanager.[0m
[38;5;73m[ citizen-server-impl] [0m[0m[93mCouldn't find resource chat.[0m
[38;5;73m[ citizen-server-impl] [0m[0m[93mCouldn't find resource spawnmanager.[0m
[38;5;73m[ citizen-server-impl] [0m[0m[93mCouldn't find resource sessionmanager.[0m
[38;5;73m[ citizen-server-impl] [0m[0m[93mCouldn't find resource fivem.[0m
[38;5;73m[ citizen-server-impl] [0m[0m[93mCouldn't find resource hardcap.[0m
[38;5;73m[ citizen-server-impl] [0m[0m[93mCouldn't find resource rconlog.[0m
[38;5;171m[                 cmd] [0m[0mNo such command mapname.
[38;5;161m[    c-scripting-core] [0m[0mCreating script environments for pt_core
[38;5;129m[      script:pt_core] [0m[0m[91mSCRIPT ERROR: @pt_core/documents/server.lua:44: attempt to index a nil value (local 'QBCore')[0m
[38;5;83m[           resources] [0m[0mStarted resource pt_core
[38;5;161m[    c-scripting-core] [0m[0mCreating script environments for oxmysql
[38;5;83m[           resources] [0m[0mStarted resource oxmysql
[38;5;161m[    c-scripting-core] [0m[0mCreating script environments for qb-core
[38;5;134m[      script:qb-core] [0m[0m[91mSCRIPT ERROR: @qb-core/server.lua:15: cannot set values on exports[0m
[38;5;134m[      script:qb-core] [0m[0m[93m> fn[0m ([36m@qb-core/server.lua[0m:15)
[38;5;83m[           resources] [0m[0mStarted resource qb-core
[38;5;163m[    c-resources-core] [0m[0mCould not find dependency qb-weapons for resource qb-inventory.
[38;5;73m[ citizen-server-impl] [0m[0m[93mCouldn't start resource qb-inventory.[0m
[38;5;161m[    c-scripting-core] [0m[0mCreating script environments for qb-phone
[38;5;161m[    c-scripting-core] [0m[0mFailed to load script @qb-apartments/config.lua.
[38;5;172m[     script:qb-phone] [0m[0m[91mSCRIPT ERROR: @qb-phone/server/main.lua:1: No such export GetCoreObject in resource qb-core[0m
[38;5;83m[           resources] [0m[0mStarted resource qb-phone
[38;5;161m[    c-scripting-core] [0m[0mCreating script environments for pt-jobs
[38;5;83m[           resources] [0m[0mStarted resource pt-jobs
[38;5;161m[    c-scripting-core] [0m[0mCreating script environments for pt-police
[38;5;83m[           resources] [0m[0mStarted resource pt-police
[38;5;161m[    c-scripting-core] [0m[0mCreating script environments for pt-hospital
[38;5;83m[           resources] [0m[0mStarted resource pt-hospital
[38;5;186m[ citizen-server-main] [0m[0m-> Quitting: Ctrl-C pressed in server console.
[38;5;73m[ citizen-server-impl] [0m[0m[91m        fff                          
[38;5;73m[ citizen-server-impl] [0m[91m[91m  cccc ff   xx  xx     rr rr    eee  
[38;5;73m[ citizen-server-impl] [0m[91m[91mcc     ffff   xx       rrr  r ee   e 
[38;5;73m[ citizen-server-impl] [0m[91m[91mcc     ff     xx   ... rr     eeeee  
[38;5;73m[ citizen-server-impl] [0m[91m[91m ccccc ff   xx  xx ... rr      eeeee 
[38;5;73m[ citizen-server-impl] [0m[91m                                     [0m
[38;5;73m[ citizen-server-impl] [0m[0m[32mAuthenticated with cfx.re Nucleus: [0mhttps://freixo-dmazky.users.cfx.re/
