nohup: ignoring input
[38;5;83m[           resources] [0m[0m[32mScanning resources.[0m
[38;5;140m[   resources:oxmysql] [0m[0m[93mWarning: oxmysql does not have a resource manifest (fxmanifest.lua)[0m
[38;5;83m[           resources] [0m[0m[32mFound 19 resources.[0m
[38;5;83m[           resources] [0m[0m[93m1 warning was encountered.[0m
[38;5;66m[          svadhesive] [0m[0mAuthenticating server license key...
[38;5;66m[          svadhesive] [0m[0mServer license key authentication succeeded. Welcome!
[38;5;73m[ citizen-server-impl] [0m[0m[93mCouldn't find resource sessionmanager.[0m
[38;5;73m[ citizen-server-impl] [0m[0m[93mCouldn't find resource oxmysql.[0m
[38;5;161m[    c-scripting-core] [0m[0mCreating script environments for qb-core
[38;5;134m[      script:qb-core] [0m[0mqb-core stub server started
[38;5;134m[      script:qb-core] [0m[0mqb-core stub server started (global GetCoreObject/QBCore set)
[38;5;83m[           resources] [0m[0mStarted resource qb-core
[38;5;161m[    c-scripting-core] [0m[0mCreating script environments for qb-weapons
[38;5;37m[   script:qb-weapons] [0m[0m[qb-weapons] stub loaded
[38;5;83m[           resources] [0m[0mStarted resource qb-weapons
[38;5;161m[    c-scripting-core] [0m[0mCreating script environments for qb-inventory
[38;5;161m[    c-scripting-core] [0m[0mFailed to load script @qb-core/shared/locale.lua.
[38;5;157m[ script:qb-inventory] [0m[0m[91mSCRIPT ERROR: @qb-inventory/locales/en.lua:51: attempt to index a nil value (global 'Locale')[0m
[38;5;157m[ script:qb-inventory] [0m[0m[93m> fn[0m ([36m@qb-inventory/locales/en.lua[0m:51)
[38;5;157m[ script:qb-inventory] [0m[0m[91mSCRIPT ERROR: @qb-inventory/locales/en.lua:51: attempt to index a nil value (global 'Locale')[0m
[38;5;157m[ script:qb-inventory] [0m[0m[93m> fn[0m ([36m@qb-inventory/locales/en.lua[0m:51)
[38;5;161m[    c-scripting-core] [0m[0mFailed to load script @oxmysql/lib/MySQL.lua.
[38;5;157m[ script:qb-inventory] [0m[0m[91mSCRIPT ERROR: @qb-inventory/server/main.lua:2: No such export GetCoreObject in resource qb-core[0m
[38;5;157m[ script:qb-inventory] [0m[0m[91mSCRIPT ERROR: @qb-inventory/server/commands.lua:3: attempt to index a nil value (global 'QBCore')[0m
[38;5;157m[ script:qb-inventory] [0m[0m[93m> fn[0m ([36m@qb-inventory/server/commands.lua[0m:3)
[38;5;83m[           resources] [0m[0mStarted resource qb-inventory
[38;5;161m[    c-scripting-core] [0m[0mCreating script environments for qb-phone
[38;5;161m[    c-scripting-core] [0m[0mFailed to load script @oxmysql/lib/MySQL.lua.
[38;5;172m[     script:qb-phone] [0m[0m[91mSCRIPT ERROR: @qb-phone/server/main.lua:2: No such export GetCoreObject in resource qb-core[0m
[38;5;83m[           resources] [0m[0mStarted resource qb-phone
[38;5;73m[ citizen-server-impl] [0m[0m[93mCouldn't find resource pt-inventory-compat.[0m
[38;5;161m[    c-scripting-core] [0m[0mCreating script environments for pt_core
[38;5;83m[           resources] [0m[0mStarted resource pt_core
[38;5;161m[    c-scripting-core] [0m[0mCreating script environments for pt-jobs
[38;5;152m[      script:pt-jobs] [0m[0m[91mSCRIPT ERROR: @pt-jobs/server.lua:7: No such export GetCoreObject in resource qb-core[0m
[38;5;83m[           resources] [0m[0mStarted resource pt-jobs
[38;5;161m[    c-scripting-core] [0m[0mCreating script environments for pt-police
[38;5;102m[    script:pt-police] [0m[0m[91mSCRIPT ERROR: @pt-police/server.lua:2: No such export GetCoreObject in resource qb-core[0m
[38;5;83m[           resources] [0m[0mStarted resource pt-police
[38;5;161m[    c-scripting-core] [0m[0mCreating script environments for pt-hospital
[38;5;83m[           resources] [0m[0mStarted resource pt-hospital
[38;5;73m[ citizen-server-impl] [0m[0m[93mCouldn't find resource pt-inventory-compat.[0m
[38;5;161m[    c-scripting-core] [0m[0mCreating script environments for pt-shops
[38;5;152m[     script:pt-shops] [0m[0m[pt-shops] config not found at server-data/config/pt_shops.json, using built-in defaults
[38;5;152m[     script:pt-shops] [0m[0m[pt-shops] pt-shops server initializing
[38;5;152m[     script:pt-shops] [0m[0m[pt-shops] pt-shops resource started, 0 shops loaded
[38;5;152m[     script:pt-shops] [0m[0m[91mSCRIPT ERROR: @pt-shops/server.lua:14: No such export query in resource oxmysql[0m
[38;5;83m[           resources] [0m[0mStarted resource pt-shops
[38;5;161m[    c-scripting-core] [0m[0mCreating script environments for pt-shops-trigger
[38;5;152m[     script:pt-shops] [0m[0m[pt-shops] shop not found: smoketest
[38;5;70m[script:pt-shops-trig] [0m[0m[pt-shops-trigger] fired pt-shops:test_buy, ok=true
[38;5;152m[     script:pt-shops] [0m[0m[pt-shops] shop not found: smoketest
[38;5;70m[script:pt-shops-trig] [0m[0m[pt-shops-trigger] fired pt-shops:test_buy, ok=true
[38;5;83m[           resources] [0m[0mStarted resource pt-shops-trigger
[38;5;163m[    c-resources-core] [0m[0mCould not find dependency oxmysql for resource pt-npcs.
[38;5;73m[ citizen-server-impl] [0m[0m[93mCouldn't start resource pt-npcs.[0m
[38;5;161m[    c-scripting-core] [0m[0mCreating script environments for smoke_tests
[38;5;22m[  script:smoke_tests] [0m[0m[smoke_tests] thread created
[38;5;22m[  script:smoke_tests] [0m[0m[smoke_tests] starting immediate
[38;5;22m[  script:smoke_tests] [0m[0m[smoke_tests] calling pt_core:server:getDocuments immediate
[38;5;83m[           resources] [0m[0mStarted resource smoke_tests
[38;5;161m[    c-scripting-core] [0m[0mCreating script environments for smoke_check
[38;5;83m[           resources] [0m[0mStarted resource smoke_check
[38;5;186m[ citizen-server-main] [0m[0m-> Quitting: Ctrl-C pressed in server console.
[38;5;149m[  script:smoke_check] [0m[0m[smoke_check] thread started
[38;5;149m[  script:smoke_check] [0m[0m[smoke_check] waiting up to 60s for MySQL to be ready
[38;5;149m[  script:smoke_check] [0m[0m[smoke_check] exports.oxmysql present, proceeding without MySQL wrapper
[38;5;149m[  script:smoke_check] [0m[0m[smoke_check] MySQL readiness check complete, attempting synchronous insert and select
[38;5;149m[  script:smoke_check] [0m[0m[smoke_check] DEBUG: MySQL object: nil
[38;5;149m[  script:smoke_check] [0m[0m[smoke_check] DEBUG: MySQL.Sync: nil
[38;5;149m[  script:smoke_check] [0m[0m[smoke_check] DEBUG: exports.oxmysql: table: 0x7eef5357c8d0
[38;5;149m[  script:smoke_check] [0m[0m[smoke_check] MySQL.Sync.insert not available; trying exports.oxmysql fallback
[38;5;149m[  script:smoke_check] [0m[0m[smoke_check] insert/select pcall failed: @smoke_check/server.lua:82: No such export insert in resource oxmysql
[38;5;149m[  script:smoke_check] [0m[0m[smoke_check] smoke_check finished
[38;5;73m[ citizen-server-impl] [0m[0m[91m        fff                          
[38;5;73m[ citizen-server-impl] [0m[91m[91m  cccc ff   xx  xx     rr rr    eee  
[38;5;73m[ citizen-server-impl] [0m[91m[91mcc     ffff   xx       rrr  r ee   e 
[38;5;73m[ citizen-server-impl] [0m[91m[91mcc     ff     xx   ... rr     eeeee  
[38;5;73m[ citizen-server-impl] [0m[91m[91m ccccc ff   xx  xx ... rr      eeeee 
[38;5;73m[ citizen-server-impl] [0m[91m                                     [0m
[38;5;73m[ citizen-server-impl] [0m[0m[32mAuthenticated with cfx.re Nucleus: [0mhttps://freixo-dmazky.users.cfx.re/
[38;5;73m[ citizen-server-impl] [0m[0m[91m-- [server notice: portal_release][0m
[38;5;73m[ citizen-server-impl] [0m[0m[32mPATREON SUPPORT ENDING SOON: For existing Patreon subscribers, please migrate to our new subscription platform in https://portal.cfx.re by December 1st 2025 to avoid any service interruptions. Read more: https://aka.cfx.re/patreon-to-portal-migration/ [0m
[38;5;22m[  script:smoke_tests] [0m[0m[smoke_tests] pt_core:getDocuments failed immediate (ok=true)
[38;5;22m[  script:smoke_tests] [0m[0m[smoke_tests] attempting plate insertion immediate plate=SMOKETEST_1758485828_5952
[38;5;22m[  script:smoke_tests] [0m[0m[smoke_tests] plate insertion pcall failed immediate err=false
[38;5;22m[  script:smoke_tests] [0m[0m[smoke_tests] plate insertion failed immediate
[38;5;22m[  script:smoke_tests] [0m[0m[smoke_tests] finished immediate
[38;5;22m[  script:smoke_tests] [0m[0m[smoke_tests] starting shop-buy test
[38;5;152m[     script:pt-shops] [0m[0m[pt-shops] shop not found: default
[38;5;22m[  script:smoke_tests] [0m[0m[smoke_tests] pt-shops:test_buy attempt 1 succeeded
[38;5;22m[  script:smoke_tests] [0m[0m[smoke_tests] pt-shops:buy executed OK
[38;5;22m[  script:smoke_tests] [0m[0m[smoke_tests] failed to read inventory_items count via exports.oxmysql
[38;5;22m[  script:smoke_tests] [0m[0m[smoke_tests] finished shop-buy test
