[38;5;83m[           resources] [0m[0m[32mScanning resources.[0m
[38;5;83m[           resources] [0m[0m[32mFound 36 resources.[0m
[38;5;66m[          svadhesive] [0m[0mAuthenticating server license key...
[38;5;66m[          svadhesive] [0m[0mServer license key authentication succeeded. Welcome!
[38;5;140m[   resources:oxmysql] [0m[0m[93mWarning: could not find server_script `dist/build.js` (defined in fxmanifest.lua:19)[0m
[38;5;140m[   resources:oxmysql] [0m[0m[93mWarning: could not find file `web/build/index.html` (defined in fxmanifest.lua:21)[0m
[38;5;83m[           resources] [0m[0mStarted resource oxmysql (2 warnings)
[38;5;161m[    c-scripting-core] [0m[0mCreating script environments for qb-core
[38;5;134m[      script:qb-core] [0m[0mqb-core stub server started
[38;5;134m[      script:qb-core] [0m[0mqb-core stub server started (global GetCoreObject/QBCore set)
[38;5;83m[           resources] [0m[0mStarted resource qb-core
[38;5;161m[    c-scripting-core] [0m[0mCreating script environments for qb-weapons
[38;5;37m[   script:qb-weapons] [0m[0m[qb-weapons] stub loaded
[38;5;37m[   script:qb-weapons] [0m[0m[qb-weapons] stub loaded
[38;5;37m[   script:qb-weapons] [0m[0m[qb-weapons] stub loaded
[38;5;37m[   script:qb-weapons] [0m[0m[qb-weapons] stub loaded
[38;5;83m[           resources] [0m[0mStarted resource qb-weapons
[38;5;161m[    c-scripting-core] [0m[0mCreating script environments for qb-inventory
[38;5;161m[    c-scripting-core] [0m[0mFailed to load script @qb-core/shared/locale.lua.
[38;5;157m[ script:qb-inventory] [0m[0m[91mSCRIPT ERROR: @qb-inventory/locales/en.lua:51: attempt to index a nil value (global 'Locale')[0m
[38;5;157m[ script:qb-inventory] [0m[0m[93m> fn[0m ([36m@qb-inventory/locales/en.lua[0m:51)
[38;5;157m[ script:qb-inventory] [0m[0m[91mSCRIPT ERROR: @qb-inventory/locales/en.lua:51: attempt to index a nil value (global 'Locale')[0m
[38;5;157m[ script:qb-inventory] [0m[0m[93m> fn[0m ([36m@qb-inventory/locales/en.lua[0m:51)
[38;5;157m[ script:qb-inventory] [0m[0m[91mSCRIPT ERROR: @qb-inventory/server/main.lua:2: No such export GetCoreObject in resource qb-core[0m
[38;5;157m[ script:qb-inventory] [0m[0m[91mSCRIPT ERROR: @qb-inventory/server/commands.lua:3: attempt to index a nil value (global 'QBCore')[0m
[38;5;157m[ script:qb-inventory] [0m[0m[93m> fn[0m ([36m@qb-inventory/server/commands.lua[0m:3)
[38;5;83m[           resources] [0m[0mStarted resource qb-inventory
[38;5;161m[    c-scripting-core] [0m[0mCreating script environments for qb-phone
[38;5;172m[     script:qb-phone] [0m[0m[91mSCRIPT ERROR: @qb-phone/server/main.lua:2: No such export GetCoreObject in resource qb-core[0m
[38;5;83m[           resources] [0m[0mStarted resource qb-phone
[38;5;161m[    c-scripting-core] [0m[0mCreating script environments for pt-inventory-compat
[38;5;83m[           resources] [0m[0mStarted resource pt-inventory-compat
[38;5;161m[    c-scripting-core] [0m[0mCreating script environments for pt-fisco
[38;5;94m[     script:pt-fisco] [0m[0m[91mSCRIPT ERROR: @pt-fisco/server.lua:2: No such export GetCoreObject in resource qb-core[0m
[38;5;83m[           resources] [0m[0mStarted resource pt-fisco
[38;5;161m[    c-scripting-core] [0m[0mCreating script environments for pt_core
[38;5;83m[           resources] [0m[0mStarted resource pt_core
[38;5;161m[    c-scripting-core] [0m[0mCreating script environments for pt-jobs
[38;5;152m[      script:pt-jobs] [0m[0m[91mSCRIPT ERROR: @pt-jobs/server.lua:2: No such export GetCoreObject in resource qb-core[0m
[38;5;83m[           resources] [0m[0mStarted resource pt-jobs
[38;5;161m[    c-scripting-core] [0m[0mCreating script environments for pt-police
[38;5;102m[    script:pt-police] [0m[0m[91mSCRIPT ERROR: @pt-police/server.lua:2: No such export GetCoreObject in resource qb-core[0m
[38;5;83m[           resources] [0m[0mStarted resource pt-police
[38;5;161m[    c-scripting-core] [0m[0mCreating script environments for pt-vehicle-docs
[38;5;88m[script:pt-vehicle-do] [0m[0m[91mSCRIPT ERROR: @pt-vehicle-docs/server.lua:1: No such export GetCoreObject in resource qb-core[0m
[38;5;83m[           resources] [0m[0mStarted resource pt-vehicle-docs
[38;5;161m[    c-scripting-core] [0m[0mCreating script environments for pt-hospital
[38;5;83m[           resources] [0m[0mStarted resource pt-hospital
[38;5;161m[    c-scripting-core] [0m[0mCreating script environments for pt-shops
[38;5;152m[     script:pt-shops] [0m[0m[pt-shops] config not found at server-data/config/pt_shops.json, using built-in defaults
[38;5;152m[     script:pt-shops] [0m[0m[pt-shops] config not found at /workspaces/fivem/server-data/config/pt_shops.json, using built-in defaults
[38;5;152m[     script:pt-shops] [0m[0m[pt-shops] pt-shops server initializing
[38;5;152m[     script:pt-shops] [0m[0m[pt-shops] pt-shops resource started, 1 shops loaded
[38;5;152m[     script:pt-shops] [0m[0m[pt-shops] buy payload: src= shopId=default item=water count=1 price=1 overrideCitizenId=nil
[38;5;152m[     script:pt-shops] [0m[0m[pt-shops] self-test executed ok=true, logged to /workspaces/fivem/fxserver/resources/smoke_tests/smoke_results.log
[38;5;83m[           resources] [0m[0mStarted resource pt-shops
[38;5;161m[    c-scripting-core] [0m[0mCreating script environments for pt-shops-trigger
[38;5;152m[     script:pt-shops] [0m[0m[pt-shops] buy payload: src= shopId=default item=water count=1 price=1 overrideCitizenId=SMOKETEST_1
[38;5;70m[script:pt-shops-trig] [0m[0m[pt-shops-trigger] fired pt-shops:test_buy, ok=true
[38;5;83m[           resources] [0m[0mStarted resource pt-shops-trigger
[38;5;161m[    c-scripting-core] [0m[0mCreating script environments for pt-npcs
[38;5;155m[      script:pt-npcs] [0m[0m[pt-npcs] oxmysql detected
[38;5;155m[      script:pt-npcs] [0m[0m[pt-npcs] pt-npcs server started
[38;5;155m[      script:pt-npcs] [0m[0m[pt-npcs] pt-npcs resource started
[38;5;83m[           resources] [0m[0mStarted resource pt-npcs
[38;5;161m[    c-scripting-core] [0m[0mCreating script environments for pt-placas
[38;5;83m[           resources] [0m[0mStarted resource pt-placas
[38;5;161m[    c-scripting-core] [0m[0mCreating script environments for pt-multas
[38;5;83m[           resources] [0m[0mStarted resource pt-multas
[38;5;161m[    c-scripting-core] [0m[0mCreating script environments for pt-jobmenu
[38;5;19m[   script:pt-jobmenu] [0m[0m[91mSCRIPT ERROR: @pt-jobmenu/server.lua:2: No such export GetCoreObject in resource qb-core[0m
[38;5;83m[           resources] [0m[0mStarted resource pt-jobmenu
[38;5;161m[    c-scripting-core] [0m[0mCreating script environments for pt-commerce
[38;5;103m[  script:pt-commerce] [0m[0mError parsing script @pt-commerce/server.lua in resource pt-commerce: @pt-commerce/server.lua:20: <eof> expected near 'end'
[38;5;161m[    c-scripting-core] [0m[0mFailed to load script server.lua.
[38;5;83m[           resources] [0m[0mStarted resource pt-commerce
[38;5;161m[    c-scripting-core] [0m[0mCreating script environments for pt-furniture
[38;5;125m[ script:pt-furniture] [0m[0m[91mSCRIPT ERROR: @pt-furniture/server.lua:2: No such export GetCoreObject in resource qb-core[0m
[38;5;83m[           resources] [0m[0mStarted resource pt-furniture
[38;5;161m[    c-scripting-core] [0m[0mCreating script environments for pt-housing
[38;5;147m[   script:pt-housing] [0m[0m[91mSCRIPT ERROR: @pt-housing/server.lua:2: No such export GetCoreObject in resource qb-core[0m
[38;5;83m[           resources] [0m[0mStarted resource pt-housing
[38;5;161m[    c-scripting-core] [0m[0mCreating script environments for pt-iconshot
[38;5;31m[  script:pt-iconshot] [0m[0m[91mSCRIPT ERROR: @pt-iconshot/server.lua:34: No such export GetCoreObject in resource qb-core[0m
[38;5;83m[           resources] [0m[0mStarted resource pt-iconshot
[38;5;161m[    c-scripting-core] [0m[0mCreating script environments for pt-dispatch
[38;5;93m[  script:pt-dispatch] [0m[0m[91mSCRIPT ERROR: @pt-dispatch/server.lua:1: No such export GetCoreObject in resource qb-core[0m
[38;5;83m[           resources] [0m[0mStarted resource pt-dispatch
[38;5;161m[    c-scripting-core] [0m[0mCreating script environments for pt-activities
[38;5;111m[script:pt-activities] [0m[0m[91mSCRIPT ERROR: @pt-activities/server.lua:1: No such export GetCoreObject in resource qb-core[0m
[38;5;83m[           resources] [0m[0mStarted resource pt-activities
[38;5;161m[    c-scripting-core] [0m[0mCreating script environments for pt-speedcams
[38;5;213m[ script:pt-speedcams] [0m[0m[91mSCRIPT ERROR: @pt-speedcams/server.lua:1: No such export GetCoreObject in resource qb-core[0m
[38;5;83m[           resources] [0m[0mStarted resource pt-speedcams
[38;5;161m[    c-scripting-core] [0m[0mCreating script environments for pt-tolls
[38;5;174m[     script:pt-tolls] [0m[0m[91mSCRIPT ERROR: @pt-tolls/server.lua:1: No such export GetCoreObject in resource qb-core[0m
[38;5;83m[           resources] [0m[0mStarted resource pt-tolls
[38;5;161m[    c-scripting-core] [0m[0mCreating script environments for pt-patrols
[38;5;128m[   script:pt-patrols] [0m[0m[91mSCRIPT ERROR: @pt-patrols/server.lua:1: No such export GetCoreObject in resource qb-core[0m
[38;5;83m[           resources] [0m[0mStarted resource pt-patrols
[38;5;161m[    c-scripting-core] [0m[0mCreating script environments for pt-inspections
[38;5;168m[script:pt-inspection] [0m[0m[91mSCRIPT ERROR: @pt-inspections/server.lua:1: No such export GetCoreObject in resource qb-core[0m
[38;5;83m[           resources] [0m[0mStarted resource pt-inspections
[38;5;161m[    c-scripting-core] [0m[0mCreating script environments for pt-firefighters
[38;5;141m[script:pt-firefighte] [0m[0m[91mSCRIPT ERROR: @pt-firefighters/server.lua:1: No such export GetCoreObject in resource qb-core[0m
[38;5;83m[           resources] [0m[0mStarted resource pt-firefighters
[38;5;73m[ citizen-server-impl] [0m[0m[93mCouldn't find resource screenshot-basic.[0m
[38;5;161m[    c-scripting-core] [0m[0mCreating script environments for smoke_tests
[38;5;83m[           resources] [0m[0mStarted resource smoke_tests
[38;5;161m[    c-scripting-core] [0m[0mCreating script environments for smoke_check
[38;5;83m[           resources] [0m[0mStarted resource smoke_check
[38;5;161m[    c-scripting-core] [0m[0mCreating script environments for pt-health
[38;5;83m[           resources] [0m[0mStarted resource pt-health
cfx> [38;5;53m[    script:pt-placas] [0m[0m[91mSCRIPT ERROR: @pt-placas/server.lua:17: No such export execute in resource oxmysql[0m
[38;5;60m[    script:pt-multas] [0m[0m[91mSCRIPT ERROR: @pt-multas/server.lua:19: No such export execute in resource oxmysql[0m
[38;5;22m[  script:smoke_tests] [0m[0m[smoke_tests] smoke_tests started
[38;5;22m[  script:smoke_tests] [0m[0m[91mSCRIPT ERROR: @smoke_tests/server.lua:16: No such export query in resource oxmysql[0m
[38;5;22m[  script:smoke_tests] [0m[0m[smoke_tests] smoke_tests started
[38;5;22m[  script:smoke_tests] [0m[0m[91mSCRIPT ERROR: @smoke_tests/server.lua:16: No such export query in resource oxmysql[0m
[38;5;149m[  script:smoke_check] [0m[0m[smoke_check] smoke_check started
[38;5;149m[  script:smoke_check] [0m[0m[smoke_check] oxmysql state started
[38;5;149m[  script:smoke_check] [0m[0m[smoke_check] qb-core state started
[38;5;149m[  script:smoke_check] [0m[0m[smoke_check] pt-fisco state started
[38;5;149m[  script:smoke_check] [0m[0m[smoke_check] pt-shops state started
[38;5;149m[  script:smoke_check] [0m[0m[smoke_check] thread started
[38;5;149m[  script:smoke_check] [0m[0m[smoke_check] waiting up to 15s for MySQL to be ready
[38;5;149m[  script:smoke_check] [0m[0m[smoke_check] MySQL readiness check complete
[38;5;149m[  script:smoke_check] [0m[0m[smoke_check] smoke_check finished
[38;5;149m[  script:smoke_check] [0m[0m[smoke_check] smoke_check started
[38;5;149m[  script:smoke_check] [0m[0m[smoke_check] oxmysql state started
[38;5;149m[  script:smoke_check] [0m[0m[smoke_check] qb-core state started
[38;5;149m[  script:smoke_check] [0m[0m[smoke_check] pt-fisco state started
[38;5;149m[  script:smoke_check] [0m[0m[smoke_check] pt-shops state started
[38;5;149m[  script:smoke_check] [0m[0m[smoke_check] thread started
[38;5;149m[  script:smoke_check] [0m[0m[smoke_check] waiting up to 15s for MySQL to be ready
[38;5;149m[  script:smoke_check] [0m[0m[smoke_check] MySQL readiness check complete
[38;5;149m[  script:smoke_check] [0m[0m[smoke_check] smoke_check finished
[38;5;21m[    script:pt-health] [0m[0m[91mSCRIPT ERROR: @pt-health/server.lua:12: No such export scalar in resource oxmysql[0m
[38;5;73m[ citizen-server-impl] [0m[0m[91m        fff                          
[38;5;73m[ citizen-server-impl] [0m[91m[91m  cccc ff   xx  xx     rr rr    eee  
[38;5;73m[ citizen-server-impl] [0m[91m[91mcc     ffff   xx       rrr  r ee   e 
[38;5;73m[ citizen-server-impl] [0m[91m[91mcc     ff     xx   ... rr     eeeee  
[38;5;73m[ citizen-server-impl] [0m[91m[91m ccccc ff   xx  xx ... rr      eeeee 
[38;5;73m[ citizen-server-impl] [0m[91m                                     [0m
[38;5;73m[ citizen-server-impl] [0m[0m[32mAuthenticated with cfx.re Nucleus: [0mhttps://freixo-dmazky.users.cfx.re/
[38;5;73m[ citizen-server-impl] [0m[0m[91m-- [server notice: portal_release][0m
[38;5;73m[ citizen-server-impl] [0m[0m[32mPATREON SUPPORT ENDING SOON: For existing Patreon subscribers, please migrate to our new subscription platform in https://portal.cfx.re by December 1st 2025 to avoid any service interruptions. Read more: https://aka.cfx.re/patreon-to-portal-migration/ [0m
[38;5;73m[ citizen-server-impl] [0m[0m[91mServer list query returned an error: System.Net.Sockets.SocketException: Connection reset by peer <- System.IO.IOException: Unable to read data from the transport connection: Connection reset by peer. <- System.Net.Http.HttpRequestException: The SSL connection could not be established, see inner exception.[0m
[6G[J[6G
Press Ctrl-C again (or type `quit`) to exit.
cfx> [6G[0;95ms[0m[J[0;90met[0m[7G[6G[0;95msed[0m -n '[0;93m1[0m,[0;93m40[0mp' /workspaces/fivem/fxserver/resources[0m[J[57G[6G[0;95msed[0m -n '[0;93m1[0m,[0;93m40[0mp' /workspaces/fivem/fxserver/resources/oxmysql/dist/build.js[0m[J[79G
[38;5;171m[                 cmd] [0m[0mNo such command sed.
cfx> [38;5;73m[ citizen-server-impl] [0m[0m[91mServer list query returned an error: System.Net.Sockets.SocketException: Connection reset by peer <- System.IO.IOException: Unable to read data from the transport connection: Connection reset by peer. <- System.Net.Http.HttpRequestException: The SSL connection could not be established, see inner exception.[0m
[38;5;73m[ citizen-server-impl] [0m[0m[91mServer list query returned an error: System.Net.Sockets.SocketException: Connection reset by peer <- System.IO.IOException: Unable to read data from the transport connection: Connection reset by peer. <- System.Net.Http.HttpRequestException: The SSL connection could not be established, see inner exception.[0m
[38;5;73m[ citizen-server-impl] [0m[0m[91mServer list query returned an error: System.Net.Sockets.SocketException: Connection reset by peer <- System.IO.IOException: Unable to read data from the transport connection: Connection reset by peer. <- System.Net.Http.HttpRequestException: The SSL connection could not be established, see inner exception.[0m
[38;5;73m[ citizen-server-impl] [0m[0m[91mServer list query returned an error: System.Net.Sockets.SocketException: Connection reset by peer <- System.IO.IOException: Unable to read data from the transport connection: Connection reset by peer. <- System.Net.Http.HttpRequestException: The SSL connection could not be established, see inner exception.[0m
[38;5;73m[ citizen-server-impl] [0m[0m[91mServer list query returned an error: System.Net.Sockets.SocketException: Connection reset by peer <- System.IO.IOException: Unable to read data from the transport connection: Connection reset by peer. <- System.Net.Http.HttpRequestException: The SSL connection could not be established, see inner exception.[0m
[38;5;73m[ citizen-server-impl] [0m[0m[91mServer list query returned an error: System.Net.Sockets.SocketException: Connection reset by peer <- System.IO.IOException: Unable to read data from the transport connection: Connection reset by peer. <- System.Net.Http.HttpRequestException: The SSL connection could not be established, see inner exception.[0m
[38;5;73m[ citizen-server-impl] [0m[0m[91mServer list query returned an error: System.Net.Sockets.SocketException: Connection reset by peer <- System.IO.IOException: Unable to read data from the transport connection: Connection reset by peer. <- System.Net.Http.HttpRequestException: The SSL connection could not be established, see inner exception.[0m
[38;5;73m[ citizen-server-impl] [0m[0m[91mServer list query returned an error: System.Net.Sockets.SocketException: Connection reset by peer <- System.IO.IOException: Unable to read data from the transport connection: Connection reset by peer. <- System.Net.Http.HttpRequestException: The SSL connection could not be established, see inner exception.[0m
[38;5;73m[ citizen-server-impl] [0m[0m[91mServer list query returned an error: System.Net.Sockets.SocketException: Connection reset by peer <- System.IO.IOException: Unable to read data from the transport connection: Connection reset by peer. <- System.Net.Http.HttpRequestException: The SSL connection could not be established, see inner exception.[0m
[38;5;73m[ citizen-server-impl] [0m[0m[91mServer list query returned an error: System.Net.Sockets.SocketException: Connection reset by peer <- System.IO.IOException: Unable to read data from the transport connection: Connection reset by peer. <- System.Net.Http.HttpRequestException: The SSL connection could not be established, see inner exception.[0m
[38;5;73m[ citizen-server-impl] [0m[0m[91mServer list query returned an error: System.Net.Sockets.SocketException: Connection reset by peer <- System.IO.IOException: Unable to read data from the transport connection: Connection reset by peer. <- System.Net.Http.HttpRequestException: The SSL connection could not be established, see inner exception.[0m
[38;5;73m[ citizen-server-impl] [0m[0m[91mServer list query returned an error: System.Net.Sockets.SocketException: Connection reset by peer <- System.IO.IOException: Unable to read data from the transport connection: Connection reset by peer. <- System.Net.Http.HttpRequestException: The SSL connection could not be established, see inner exception.[0m
[38;5;73m[ citizen-server-impl] [0m[0m[91mServer list query returned an error: System.Net.Sockets.SocketException: Connection reset by peer <- System.IO.IOException: Unable to read data from the transport connection: Connection reset by peer. <- System.Net.Http.HttpRequestException: The SSL connection could not be established, see inner exception.[0m
[38;5;73m[ citizen-server-impl] [0m[0m[91mServer list query returned an error: System.Net.Sockets.SocketException: Connection reset by peer <- System.IO.IOException: Unable to read data from the transport connection: Connection reset by peer. <- System.Net.Http.HttpRequestException: The SSL connection could not be established, see inner exception.[0m
[38;5;73m[ citizen-server-impl] [0m[0m[91mServer list query returned an error: System.Net.Sockets.SocketException: Connection reset by peer <- System.IO.IOException: Unable to read data from the transport connection: Connection reset by peer. <- System.Net.Http.HttpRequestException: The SSL connection could not be established, see inner exception.[0m
[38;5;73m[ citizen-server-impl] [0m[0m[91mServer list query returned an error: System.Net.Sockets.SocketException: Connection reset by peer <- System.IO.IOException: Unable to read data from the transport connection: Connection reset by peer. <- System.Net.Http.HttpRequestException: The SSL connection could not be established, see inner exception.[0m
[38;5;73m[ citizen-server-impl] [0m[0m[91mServer list query returned an error: System.Net.Sockets.SocketException: Connection reset by peer <- System.IO.IOException: Unable to read data from the transport connection: Connection reset by peer. <- System.Net.Http.HttpRequestException: The SSL connection could not be established, see inner exception.[0m
[38;5;73m[ citizen-server-impl] [0m[0m[91mServer list query returned an error: System.Net.Sockets.SocketException: Connection reset by peer <- System.IO.IOException: Unable to read data from the transport connection: Connection reset by peer. <- System.Net.Http.HttpRequestException: The SSL connection could not be established, see inner exception.[0m
[38;5;73m[ citizen-server-impl] [0m[0m[91mServer list query returned an error: System.Net.Sockets.SocketException: Connection reset by peer <- System.IO.IOException: Unable to read data from the transport connection: Connection reset by peer. <- System.Net.Http.HttpRequestException: The SSL connection could not be established, see inner exception.[0m
[38;5;73m[ citizen-server-impl] [0m[0m[91mServer list query returned an error: System.Net.Sockets.SocketException: Connection reset by peer <- System.IO.IOException: Unable to read data from the transport connection: Connection reset by peer. <- System.Net.Http.HttpRequestException: The SSL connection could not be established, see inner exception.[0m
[38;5;73m[ citizen-server-impl] [0m[0m[91mServer list query returned an error: System.Net.Sockets.SocketException: Connection reset by peer <- System.IO.IOException: Unable to read data from the transport connection: Connection reset by peer. <- System.Net.Http.HttpRequestException: The SSL connection could not be established, see inner exception.[0m
[38;5;73m[ citizen-server-impl] [0m[0m[91mServer list query returned an error: System.Net.Sockets.SocketException: Connection reset by peer <- System.IO.IOException: Unable to read data from the transport connection: Connection reset by peer. <- System.Net.Http.HttpRequestException: The SSL connection could not be established, see inner exception.[0m
[38;5;73m[ citizen-server-impl] [0m[0m[91mServer list query returned an error: System.Net.Sockets.SocketException: Connection reset by peer <- System.IO.IOException: Unable to read data from the transport connection: Connection reset by peer. <- System.Net.Http.HttpRequestException: The SSL connection could not be established, see inner exception.[0m
[38;5;73m[ citizen-server-impl] [0m[0m[91mServer list query returned an error: System.Net.Sockets.SocketException: Connection reset by peer <- System.IO.IOException: Unable to read data from the transport connection: Connection reset by peer. <- System.Net.Http.HttpRequestException: The SSL connection could not be established, see inner exception.[0m
[38;5;73m[ citizen-server-impl] [0m[0m[91mServer list query returned an error: System.Net.Sockets.SocketException: Connection reset by peer <- System.IO.IOException: Unable to read data from the transport connection: Connection reset by peer. <- System.Net.Http.HttpRequestException: The SSL connection could not be established, see inner exception.[0m
[38;5;73m[ citizen-server-impl] [0m[0m[91mServer list query returned an error: System.Net.Sockets.SocketException: Connection reset by peer <- System.IO.IOException: Unable to read data from the transport connection: Connection reset by peer. <- System.Net.Http.HttpRequestException: The SSL connection could not be established, see inner exception.[0m
[38;5;73m[ citizen-server-impl] [0m[0m[91mServer list query returned an error: System.Net.Sockets.SocketException: Connection reset by peer <- System.IO.IOException: Unable to read data from the transport connection: Connection reset by peer. <- System.Net.Http.HttpRequestException: The SSL connection could not be established, see inner exception.[0m
[38;5;73m[ citizen-server-impl] [0m[0m[91mServer list query returned an error: System.Net.Sockets.SocketException: Connection reset by peer <- System.IO.IOException: Unable to read data from the transport connection: Connection reset by peer. <- System.Net.Http.HttpRequestException: The SSL connection could not be established, see inner exception.[0m
[38;5;73m[ citizen-server-impl] [0m[0m[91mServer list query returned an error: System.Net.Sockets.SocketException: Connection reset by peer <- System.IO.IOException: Unable to read data from the transport connection: Connection reset by peer. <- System.Net.Http.HttpRequestException: The SSL connection could not be established, see inner exception.[0m
[38;5;73m[ citizen-server-impl] [0m[0m[91mServer list query returned an error: System.Net.Sockets.SocketException: Connection reset by peer <- System.IO.IOException: Unable to read data from the transport connection: Connection reset by peer. <- System.Net.Http.HttpRequestException: The SSL connection could not be established, see inner exception.[0m
[38;5;73m[ citizen-server-impl] [0m[0m[91mServer list query returned an error: System.Net.Sockets.SocketException: Connection reset by peer <- System.IO.IOException: Unable to read data from the transport connection: Connection reset by peer. <- System.Net.Http.HttpRequestException: The SSL connection could not be established, see inner exception.[0m
[38;5;73m[ citizen-server-impl] [0m[0m[91mServer list query returned an error: System.Net.Sockets.SocketException: Connection reset by peer <- System.IO.IOException: Unable to read data from the transport connection: Connection reset by peer. <- System.Net.Http.HttpRequestException: The SSL connection could not be established, see inner exception.[0m
[38;5;73m[ citizen-server-impl] [0m[0m[91mServer list query returned an error: System.Net.Sockets.SocketException: Connection reset by peer <- System.IO.IOException: Unable to read data from the transport connection: Connection reset by peer. <- System.Net.Http.HttpRequestException: The SSL connection could not be established, see inner exception.[0m
[38;5;73m[ citizen-server-impl] [0m[0m[91mServer list query returned an error: System.Net.Sockets.SocketException: Connection reset by peer <- System.IO.IOException: Unable to read data from the transport connection: Connection reset by peer. <- System.Net.Http.HttpRequestException: The SSL connection could not be established, see inner exception.[0m
[38;5;73m[ citizen-server-impl] [0m[0m[91mServer list query returned an error: System.Net.Sockets.SocketException: Connection reset by peer <- System.IO.IOException: Unable to read data from the transport connection: Connection reset by peer. <- System.Net.Http.HttpRequestException: The SSL connection could not be established, see inner exception.[0m
[38;5;73m[ citizen-server-impl] [0m[0m[91mServer list query returned an error: System.Net.Sockets.SocketException: Connection reset by peer <- System.IO.IOException: Unable to read data from the transport connection: Connection reset by peer. <- System.Net.Http.HttpRequestException: The SSL connection could not be established, see inner exception.[0m
[38;5;73m[ citizen-server-impl] [0m[0m[91mServer list query returned an error: System.Net.Sockets.SocketException: Connection reset by peer <- System.IO.IOException: Unable to read data from the transport connection: Connection reset by peer. <- System.Net.Http.HttpRequestException: The SSL connection could not be established, see inner exception.[0m
[38;5;73m[ citizen-server-impl] [0m[0m[91mServer list query returned an error: System.Net.Sockets.SocketException: Connection reset by peer <- System.IO.IOException: Unable to read data from the transport connection: Connection reset by peer. <- System.Net.Http.HttpRequestException: The SSL connection could not be established, see inner exception.[0m
[38;5;73m[ citizen-server-impl] [0m[0m[91mServer list query returned an error: System.Net.Sockets.SocketException: Connection reset by peer <- System.IO.IOException: Unable to read data from the transport connection: Connection reset by peer. <- System.Net.Http.HttpRequestException: The SSL connection could not be established, see inner exception.[0m
[38;5;73m[ citizen-server-impl] [0m[0m[91mServer list query returned an error: System.Net.Sockets.SocketException: Connection reset by peer <- System.IO.IOException: Unable to read data from the transport connection: Connection reset by peer. <- System.Net.Http.HttpRequestException: The SSL connection could not be established, see inner exception.[0m
[38;5;73m[ citizen-server-impl] [0m[0m[91mServer list query returned an error: System.Net.Sockets.SocketException: Connection reset by peer <- System.IO.IOException: Unable to read data from the transport connection: Connection reset by peer. <- System.Net.Http.HttpRequestException: The SSL connection could not be established, see inner exception.[0m
[38;5;73m[ citizen-server-impl] [0m[0m[91mServer list query returned an error: System.Net.Sockets.SocketException: Connection reset by peer <- System.IO.IOException: Unable to read data from the transport connection: Connection reset by peer. <- System.Net.Http.HttpRequestException: The SSL connection could not be established, see inner exception.[0m
[38;5;73m[ citizen-server-impl] [0m[0m[91mServer list query returned an error: System.Net.Sockets.SocketException: Connection reset by peer <- System.IO.IOException: Unable to read data from the transport connection: Connection reset by peer. <- System.Net.Http.HttpRequestException: The SSL connection could not be established, see inner exception.[0m
[38;5;73m[ citizen-server-impl] [0m[0m[91mServer list query returned an error: System.Net.Sockets.SocketException: Connection reset by peer <- System.IO.IOException: Unable to read data from the transport connection: Connection reset by peer. <- System.Net.Http.HttpRequestException: The SSL connection could not be established, see inner exception.[0m
[38;5;73m[ citizen-server-impl] [0m[0m[91mServer list query returned an error: System.Net.Sockets.SocketException: Connection reset by peer <- System.IO.IOException: Unable to read data from the transport connection: Connection reset by peer. <- System.Net.Http.HttpRequestException: The SSL connection could not be established, see inner exception.[0m
